The system is: Windows - 10.0.19041 - AMD64
Compiling the C compiler identification source file "CMakeCCompilerId.c" succeeded.
Compiler:  
Build flags: 
Id flags:  

The output was:
0
Microsoft (R) Build Engine versione 15.9.21+g9802d43bc3 per .NET Framework
Copyright (C) Microsoft Corporation. Tutti i diritti sono riservati.

Compilazione avviata 10/01/2021 16:40:32.
Progetto "C:\Users\Danno Critico\Desktop\AIV-Terzo-Anno\1945-ECS\sdl-blank-prj\build\CMakeFiles\3.19.1\CompilerIdC\CompilerIdC.vcxproj" sul nodo 1 (destinazioni predefinite).
PrepareForBuild:
  Creazione directory "Debug\".
  Creazione directory "Debug\CompilerIdC.tlog\".
InitializeBuildStatus:
  Creazione di "Debug\CompilerIdC.tlog\unsuccessfulbuild". È stato specificato "AlwaysCreate".
VcpkgTripletSelection:
  Using triplet "x64-windows" from "C:\Users\Danno Critico\Desktop\AIV-Terzo-Anno\MICHELE_CAINI_CPP\vcpkg\scripts\buildsystems\msbuild\..\..\..\installed\x64-windows\"
ClCompile:
  C:\Program Files (x86)\Microsoft Visual Studio\2017\Community\VC\Tools\MSVC\14.16.27023\bin\HostX64\x64\CL.exe /c /I"C:\Users\Danno Critico\Desktop\AIV-Terzo-Anno\MICHELE_CAINI_CPP\vcpkg\scripts\buildsystems\msbuild\..\..\..\installed\x64-windows\include" /nologo /W0 /WX- /diagnostics:classic /Od /D _MBCS /Gm- /EHsc /RTC1 /MDd /GS /fp:precise /Zc:wchar_t /Zc:forScope /Zc:inline /Fo"Debug\\" /Fd"Debug\vc141.pdb" /Gd /TC /FC /errorReport:queue CMakeCCompilerId.c
  CMakeCCompilerId.c
Link:
  C:\Program Files (x86)\Microsoft Visual Studio\2017\Community\VC\Tools\MSVC\14.16.27023\bin\HostX64\x64\link.exe /ERRORREPORT:QUEUE /OUT:".\CompilerIdC.exe" /INCREMENTAL:NO /NOLOGO /LIBPATH:"C:\Users\Danno Critico\Desktop\AIV-Terzo-Anno\MICHELE_CAINI_CPP\vcpkg\scripts\buildsystems\msbuild\..\..\..\installed\x64-windows\debug\lib" /LIBPATH:"C:\Users\Danno Critico\Desktop\AIV-Terzo-Anno\MICHELE_CAINI_CPP\vcpkg\scripts\buildsystems\msbuild\..\..\..\installed\x64-windows\debug\lib\manual-link" kernel32.lib user32.lib gdi32.lib winspool.lib comdlg32.lib advapi32.lib shell32.lib ole32.lib oleaut32.lib uuid.lib odbc32.lib odbccp32.lib "C:\Users\Danno Critico\Desktop\AIV-Terzo-Anno\MICHELE_CAINI_CPP\vcpkg\scripts\buildsystems\msbuild\..\..\..\installed\x64-windows\debug\lib\*.lib" /MANIFEST /MANIFESTUAC:"level='asInvoker' uiAccess='false'" /manifest:embed /PDB:".\CompilerIdC.pdb" /SUBSYSTEM:CONSOLE /TLBID:1 /DYNAMICBASE /NXCOMPAT /IMPLIB:".\CompilerIdC.lib" /MACHINE:X64 Debug\CMakeCCompilerId.obj
  CompilerIdC.vcxproj -> C:\Users\Danno Critico\Desktop\AIV-Terzo-Anno\1945-ECS\sdl-blank-prj\build\CMakeFiles\3.19.1\CompilerIdC\.\CompilerIdC.exe
AppLocalFromInstalled:
  pwsh.exe -ExecutionPolicy Bypass -noprofile -File "C:\Users\Danno Critico\Desktop\AIV-Terzo-Anno\MICHELE_CAINI_CPP\vcpkg\scripts\buildsystems\msbuild\applocal.ps1" "C:\Users\Danno Critico\Desktop\AIV-Terzo-Anno\1945-ECS\sdl-blank-prj\build\CMakeFiles\3.19.1\CompilerIdC\.\CompilerIdC.exe" "C:\Users\Danno Critico\Desktop\AIV-Terzo-Anno\MICHELE_CAINI_CPP\vcpkg\scripts\buildsystems\msbuild\..\..\..\installed\x64-windows\debug\bin" "Debug\CompilerIdC.tlog\CompilerIdC.write.1u.tlog" "Debug\vcpkg.applocal.log"
  "pwsh.exe" non è riconosciuto come comando interno o esterno,
   un programma eseguibile o un file batch.
  Uscita dal comando "pwsh.exe -ExecutionPolicy Bypass -noprofile -File "C:\Users\Danno Critico\Desktop\AIV-Terzo-Anno\MICHELE_CAINI_CPP\vcpkg\scripts\buildsystems\msbuild\applocal.ps1" "C:\Users\Danno Critico\Desktop\AIV-Terzo-Anno\1945-ECS\sdl-blank-prj\build\CMakeFiles\3.19.1\CompilerIdC\.\CompilerIdC.exe" "C:\Users\Danno Critico\Desktop\AIV-Terzo-Anno\MICHELE_CAINI_CPP\vcpkg\scripts\buildsystems\msbuild\..\..\..\installed\x64-windows\debug\bin" "Debug\CompilerIdC.tlog\CompilerIdC.write.1u.tlog" "Debug\vcpkg.applocal.log"" con codice 9009.
  "C:\WINDOWS\System32\WindowsPowerShell\v1.0\powershell.exe" -ExecutionPolicy Bypass -noprofile -File "C:\Users\Danno Critico\Desktop\AIV-Terzo-Anno\MICHELE_CAINI_CPP\vcpkg\scripts\buildsystems\msbuild\applocal.ps1" "C:\Users\Danno Critico\Desktop\AIV-Terzo-Anno\1945-ECS\sdl-blank-prj\build\CMakeFiles\3.19.1\CompilerIdC\.\CompilerIdC.exe" "C:\Users\Danno Critico\Desktop\AIV-Terzo-Anno\MICHELE_CAINI_CPP\vcpkg\scripts\buildsystems\msbuild\..\..\..\installed\x64-windows\debug\bin" "Debug\CompilerIdC.tlog\CompilerIdC.write.1u.tlog" "Debug\vcpkg.applocal.log"
PostBuildEvent:
  for %%i in (cl.exe) do @echo CMAKE_C_COMPILER=%%~$PATH:i
  :VCEnd
  CMAKE_C_COMPILER=C:\Program Files (x86)\Microsoft Visual Studio\2017\Community\VC\Tools\MSVC\14.16.27023\bin\Hostx64\x64\cl.exe
FinalizeBuildStatus:
  Eliminazione del file "Debug\CompilerIdC.tlog\unsuccessfulbuild" in corso.
  Aggiornamento timestamp di "Debug\CompilerIdC.tlog\CompilerIdC.lastbuildstate".
Compilazione progetto "C:\Users\Danno Critico\Desktop\AIV-Terzo-Anno\1945-ECS\sdl-blank-prj\build\CMakeFiles\3.19.1\CompilerIdC\CompilerIdC.vcxproj" (destinazioni predefinite) completata.

Compilazione completata.
    Avvisi: 0
    Errori: 0

Tempo trascorso 00:00:01.01


Compilation of the C compiler identification source "CMakeCCompilerId.c" produced "CompilerIdC.exe"

Compilation of the C compiler identification source "CMakeCCompilerId.c" produced "CompilerIdC.vcxproj"

The C compiler identification is MSVC, found in "C:/Users/Danno Critico/Desktop/AIV-Terzo-Anno/1945-ECS/sdl-blank-prj/build/CMakeFiles/3.19.1/CompilerIdC/CompilerIdC.exe"

Detecting C compiler ABI info compiled with the following output:
Change Dir: C:/Users/Danno Critico/Desktop/AIV-Terzo-Anno/1945-ECS/sdl-blank-prj/build/CMakeFiles/CMakeTmp

Run Build Command(s):C:/Program Files (x86)/Microsoft Visual Studio/2017/Community/MSBuild/15.0/Bin/MSBuild.exe cmTC_f192d.vcxproj /p:Configuration=Debug /p:Platform=x64 /p:VisualStudioVersion=15.0 /v:m && Microsoft (R) Build Engine versione 15.9.21+g9802d43bc3 per .NET Framework
Copyright (C) Microsoft Corporation. Tutti i diritti sono riservati.

  Microsoft (R) C/C++ Optimizing Compiler versione 19.16.27040 per x64
  Copyright (C) Microsoft Corporation. Tutti i diritti  sono riservati.
  
  cl /c /I"C:\Users\Danno Critico\Desktop\AIV-Terzo-Anno\MICHELE_CAINI_CPP\vcpkg\scripts\buildsystems\msbuild\..\..\..\installed\x64-windows\include" /Zi /W1 /WX- /diagnostics:classic /Od /Ob0 /D WIN32 /D _WINDOWS /D "CMAKE_INTDIR=\"Debug\"" /D _MBCS /Gm- /RTC1 /MDd /GS /fp:precise /Zc:wchar_t /Zc:forScope /Zc:inline /Fo"cmTC_f192d.dir\Debug\\" /Fd"cmTC_f192d.dir\Debug\vc141.pdb" /Gd /TC /errorReport:queue "C:\Program Files\CMake\share\cmake-3.19\Modules\CMakeCCompilerABI.c"
  CMakeCCompilerABI.c
  
  cmTC_f192d.vcxproj -> C:\Users\Danno Critico\Desktop\AIV-Terzo-Anno\1945-ECS\sdl-blank-prj\build\CMakeFiles\CMakeTmp\Debug\cmTC_f192d.exe



